<?xml version="1.0" encoding="UTF-8"?>
<!-- Generated by org.testng.reporters.JUnitXMLReporter -->
<testsuite ignored="0" hostname="Shalina" failures="0" tests="3" name="Default test" time="1.289" errors="0" timestamp="2023-03-14T09:19:42 EDT">
  <testcase classname="tests.CalculateDiscountTest" name="familyAlbum" time="0.345"/>
  <testcase classname="tests.CalculateDiscountTest" name="myMoney" time="0.348"/>
  <testcase classname="tests.CalculateDiscountTest" name="screenSaver" time="0.255"/>
</testsuite> <!-- Default test -->
