<?xml version="1.0" encoding="UTF-8"?>
<!-- Generated by org.testng.reporters.JUnitXMLReporter -->
<testsuite ignored="1" hostname="DESKTOP-SMKDM8G" failures="0" tests="1" name="Default test" time="5.759" errors="0" timestamp="2023-03-17T13:09:13 EDT">
  <testcase classname="tests.ViewAllOrdersTest" name="isPaulStillThere" time="2.23"/>
  <testcase classname="tests.ViewAllOrdersTest" name="setUpDriverAndNavigateToUrl" time="0.0">
    <ignored/>
  </testcase> <!-- setUpDriverAndNavigateToUrl -->
</testsuite> <!-- Default test -->
