<?xml version="1.0" encoding="UTF-8"?>
<!-- Generated by org.testng.reporters.JUnitXMLReporter -->
<testsuite ignored="0" hostname="Shalina" failures="0" tests="4" name="Test" time="10.775" errors="0" timestamp="2023-03-15T08:22:49 EDT">
  <testcase classname="tests.LoginPageTest" name="testLoginInvalidCredentials" time="0.221"/>
  <testcase classname="tests.LoginPageTest" name="testLoginWithEmptyCredentials" time="0.206"/>
  <testcase classname="tests.LoginPageTest" name="testLoginWithValidCredentials" time="0.773"/>
  <testcase classname="tests.ViewAllOrdersTest" name="isPaulStillThere" time="0.833"/>
</testsuite> <!-- Test -->
