<?xml version="1.0" encoding="UTF-8"?>
<!-- Generated by org.testng.reporters.JUnitXMLReporter -->
<testsuite ignored="0" hostname="Shalina" failures="0" tests="3" name="CalculateDiscountTest" time="0.992" errors="0" timestamp="2023-03-10T19:47:59 EST">
  <testcase classname="tests.CalculateDiscountTest" name="familyAlbum" time="0.279"/>
  <testcase classname="tests.CalculateDiscountTest" name="myMoney" time="0.193"/>
  <testcase classname="tests.CalculateDiscountTest" name="screenSaver" time="0.178"/>
</testsuite> <!-- CalculateDiscountTest -->
