<?xml version="1.0" encoding="UTF-8"?>
<!-- Generated by org.testng.reporters.JUnitXMLReporter -->
<testsuite ignored="5" hostname="Shalina" failures="0" tests="2" name="DashboardTest" time="2.748" errors="0" timestamp="2023-03-16T08:20:05 EDT">
  <testcase classname="tests.DashboardTest" name="setUpDriverAndNavigateToUrl" time="1.666"/>
  <testcase classname="tests.DashboardTest" name="testLoginWithValidCredentials" time="1.053"/>
  <testcase classname="tests.DashboardTest" name="verifyviewAllProductsButton" time="0.0">
    <ignored/>
  </testcase> <!-- verifyviewAllProductsButton -->
  <testcase classname="tests.DashboardTest" name="verifyorderButton" time="0.0">
    <ignored/>
  </testcase> <!-- verifyorderButton -->
  <testcase classname="tests.DashboardTest" name="verifylogoutButton" time="0.0">
    <ignored/>
  </testcase> <!-- verifylogoutButton -->
  <testcase classname="tests.DashboardTest" name="verifyDashBoardPage" time="0.0">
    <ignored/>
  </testcase> <!-- verifyDashBoardPage -->
  <testcase classname="tests.DashboardTest" name="verifyviewAllOrderButton" time="0.0">
    <ignored/>
  </testcase> <!-- verifyviewAllOrderButton -->
</testsuite> <!-- DashboardTest -->
