<?xml version="1.0" encoding="UTF-8"?>
<!-- Generated by org.testng.reporters.JUnitXMLReporter -->
<testsuite ignored="2" hostname="Shalina" failures="0" tests="1" name="LoginPageTest" time="3.369" errors="0" timestamp="2023-03-15T18:02:56 EDT">
  <testcase classname="tests.LoginPageTest" name="testLoginWithValidCredentials" time="0.826"/>
  <testcase classname="tests.LoginPageTest" name="testLoginInvalidCredentials" time="0.0">
    <ignored/>
  </testcase> <!-- testLoginInvalidCredentials -->
  <testcase classname="tests.LoginPageTest" name="testLoginWithEmptyCredentials" time="0.0">
    <ignored/>
  </testcase> <!-- testLoginWithEmptyCredentials -->
</testsuite> <!-- LoginPageTest -->
