<?xml version="1.0" encoding="UTF-8"?>
<testng-results ignored="2" total="3" passed="1" failed="0" skipped="0">
  <reporter-output>
  </reporter-output>
  <suite started-at="2023-03-17T22:15:06 EDT" name="Default suite" finished-at="2023-03-17T22:15:19 EDT" duration-ms="13030">
    <groups>
    </groups>
    <test started-at="2023-03-17T22:15:06 EDT" name="Default test" finished-at="2023-03-17T22:15:19 EDT" duration-ms="13030">
      <class name="tests.OrderPageTest">
        <test-method is-config="true" signature="setUp()[pri:0, instance:tests.OrderPageTest@243c4f91]" started-at="2023-03-17T22:15:05 EDT" name="setUp" finished-at="2023-03-17T22:15:06 EDT" duration-ms="409" status="PASS">
          <reporter-output>
          </reporter-output>
        </test-method> <!-- setUp -->
        <test-method signature="testProcessButton()[pri:0, instance:tests.OrderPageTest@243c4f91]" started-at="2023-03-17T22:15:06 EDT" name="testProcessButton" finished-at="2023-03-17T22:15:18 EDT" duration-ms="12298" status="PASS">
          <reporter-output>
          </reporter-output>
        </test-method> <!-- testProcessButton -->
        <test-method is-config="true" signature="closePages()[pri:0, instance:tests.OrderPageTest@243c4f91]" started-at="2023-03-17T22:15:18 EDT" name="closePages" finished-at="2023-03-17T22:15:19 EDT" duration-ms="692" status="PASS">
          <reporter-output>
          </reporter-output>
        </test-method> <!-- closePages -->
        <test-method is-config="true" signature="tearDown()[pri:0, instance:tests.OrderPageTest@243c4f91]" started-at="2023-03-17T22:15:19 EDT" name="tearDown" finished-at="2023-03-17T22:15:19 EDT" duration-ms="522" status="PASS">
          <reporter-output>
          </reporter-output>
        </test-method> <!-- tearDown -->
      </class> <!-- tests.OrderPageTest -->
    </test> <!-- Default test -->
  </suite> <!-- Default suite -->
</testng-results>
